[0627/144147.924:INFO:CONSOLE(0)] "Third-party cookie will be blocked. Learn more in the Issues tab.", source: https://www.hsi.com.hk/index360/schi/indexes?id=02033.00 (0)
[0627/144147.924:INFO:CONSOLE(0)] "Third-party cookie will be blocked. Learn more in the Issues tab.", source: https://www.hsi.com.hk/index360/schi/indexes?id=02033.00 (0)
[0627/144147.924:INFO:CONSOLE(0)] "Third-party cookie will be blocked. Learn more in the Issues tab.", source: https://www.hsi.com.hk/index360/schi/indexes?id=02033.00 (0)
[0627/144148.776:INFO:CONSOLE(0)] "An iframe which has both allow-scripts and allow-same-origin for its sandbox attribute can escape its sandboxing.", source: https://hsbcbankcmb.demdex.net/dest5.html?d_nsid=0#https%3A%2F%2Fwww.hsi.com.hk (0)
[0627/144148.777:INFO:CONSOLE(0)] "Third-party cookie will be blocked. Learn more in the Issues tab.", source: https://www.hsi.com.hk/index360/schi/indexes?id=02033.00 (0)
[0627/144148.890:INFO:CONSOLE(0)] "Third-party cookie will be blocked. Learn more in the Issues tab.", source: https://www.hsi.com.hk/index360/schi/indexes?id=02033.00 (0)
[0627/144148.890:INFO:CONSOLE(0)] "Third-party cookie will be blocked. Learn more in the Issues tab.", source: https://www.hsi.com.hk/index360/schi/indexes?id=02033.00 (0)
[0627/144219.973:INFO:CONSOLE(9)] "找到周息率元素数量: 2", source: pptr:evaluate;HSIIndexScraper.extractFundamentalsFromPage%20(D%3A%5Cworkspaces%5Cetf-size%5Chsi-index-scraper.js%3A526%3A44) (9)
[0627/144219.973:INFO:CONSOLE(10)] "找到市盈率元素数量: 2", source: pptr:evaluate;HSIIndexScraper.extractFundamentalsFromPage%20(D%3A%5Cworkspaces%5Cetf-size%5Chsi-index-scraper.js%3A526%3A44) (10)
[0627/144219.973:INFO:CONSOLE(16)] "周息率元素 0: "周息率"", source: pptr:evaluate;HSIIndexScraper.extractFundamentalsFromPage%20(D%3A%5Cworkspaces%5Cetf-size%5Chsi-index-scraper.js%3A526%3A44) (16)
[0627/144219.974:INFO:CONSOLE(16)] "周息率元素 1: "6.40"", source: pptr:evaluate;HSIIndexScraper.extractFundamentalsFromPage%20(D%3A%5Cworkspaces%5Cetf-size%5Chsi-index-scraper.js%3A526%3A44) (16)
[0627/144219.974:INFO:CONSOLE(26)] "找到周息率: 6.4", source: pptr:evaluate;HSIIndexScraper.extractFundamentalsFromPage%20(D%3A%5Cworkspaces%5Cetf-size%5Chsi-index-scraper.js%3A526%3A44) (26)
[0627/144219.974:INFO:CONSOLE(35)] "市盈率元素 0: "市盈率 (倍)"", source: pptr:evaluate;HSIIndexScraper.extractFundamentalsFromPage%20(D%3A%5Cworkspaces%5Cetf-size%5Chsi-index-scraper.js%3A526%3A44) (35)
[0627/144219.974:INFO:CONSOLE(35)] "市盈率元素 1: "7.67"", source: pptr:evaluate;HSIIndexScraper.extractFundamentalsFromPage%20(D%3A%5Cworkspaces%5Cetf-size%5Chsi-index-scraper.js%3A526%3A44) (35)
[0627/144219.974:INFO:CONSOLE(45)] "找到市盈率: 7.67", source: pptr:evaluate;HSIIndexScraper.extractFundamentalsFromPage%20(D%3A%5Cworkspaces%5Cetf-size%5Chsi-index-scraper.js%3A526%3A44) (45)
[0627/144301.008:INFO:CONSOLE(9)] "找到周息率元素数量: 2", source: pptr:evaluate;HSIIndexScraper.extractFundamentalsFromPage%20(D%3A%5Cworkspaces%5Cetf-size%5Chsi-index-scraper.js%3A526%3A44) (9)
[0627/144301.008:INFO:CONSOLE(10)] "找到市盈率元素数量: 2", source: pptr:evaluate;HSIIndexScraper.extractFundamentalsFromPage%20(D%3A%5Cworkspaces%5Cetf-size%5Chsi-index-scraper.js%3A526%3A44) (10)
[0627/144301.008:INFO:CONSOLE(16)] "周息率元素 0: "周息率"", source: pptr:evaluate;HSIIndexScraper.extractFundamentalsFromPage%20(D%3A%5Cworkspaces%5Cetf-size%5Chsi-index-scraper.js%3A526%3A44) (16)
[0627/144301.008:INFO:CONSOLE(16)] "周息率元素 1: "3.32"", source: pptr:evaluate;HSIIndexScraper.extractFundamentalsFromPage%20(D%3A%5Cworkspaces%5Cetf-size%5Chsi-index-scraper.js%3A526%3A44) (16)
[0627/144301.008:INFO:CONSOLE(26)] "找到周息率: 3.32", source: pptr:evaluate;HSIIndexScraper.extractFundamentalsFromPage%20(D%3A%5Cworkspaces%5Cetf-size%5Chsi-index-scraper.js%3A526%3A44) (26)
[0627/144301.008:INFO:CONSOLE(35)] "市盈率元素 0: "市盈率 (倍)"", source: pptr:evaluate;HSIIndexScraper.extractFundamentalsFromPage%20(D%3A%5Cworkspaces%5Cetf-size%5Chsi-index-scraper.js%3A526%3A44) (35)
[0627/144301.008:INFO:CONSOLE(35)] "市盈率元素 1: "12.26"", source: pptr:evaluate;HSIIndexScraper.extractFundamentalsFromPage%20(D%3A%5Cworkspaces%5Cetf-size%5Chsi-index-scraper.js%3A526%3A44) (35)
[0627/144301.008:INFO:CONSOLE(45)] "找到市盈率: 12.26", source: pptr:evaluate;HSIIndexScraper.extractFundamentalsFromPage%20(D%3A%5Cworkspaces%5Cetf-size%5Chsi-index-scraper.js%3A526%3A44) (45)
[0627/144342.039:INFO:CONSOLE(9)] "找到周息率元素数量: 2", source: pptr:evaluate;HSIIndexScraper.extractFundamentalsFromPage%20(D%3A%5Cworkspaces%5Cetf-size%5Chsi-index-scraper.js%3A526%3A44) (9)
[0627/144342.039:INFO:CONSOLE(10)] "找到市盈率元素数量: 2", source: pptr:evaluate;HSIIndexScraper.extractFundamentalsFromPage%20(D%3A%5Cworkspaces%5Cetf-size%5Chsi-index-scraper.js%3A526%3A44) (10)
[0627/144342.039:INFO:CONSOLE(16)] "周息率元素 0: "周息率"", source: pptr:evaluate;HSIIndexScraper.extractFundamentalsFromPage%20(D%3A%5Cworkspaces%5Cetf-size%5Chsi-index-scraper.js%3A526%3A44) (16)
[0627/144342.039:INFO:CONSOLE(16)] "周息率元素 1: "6.41"", source: pptr:evaluate;HSIIndexScraper.extractFundamentalsFromPage%20(D%3A%5Cworkspaces%5Cetf-size%5Chsi-index-scraper.js%3A526%3A44) (16)
[0627/144342.039:INFO:CONSOLE(26)] "找到周息率: 6.41", source: pptr:evaluate;HSIIndexScraper.extractFundamentalsFromPage%20(D%3A%5Cworkspaces%5Cetf-size%5Chsi-index-scraper.js%3A526%3A44) (26)
[0627/144342.039:INFO:CONSOLE(35)] "市盈率元素 0: "市盈率 (倍)"", source: pptr:evaluate;HSIIndexScraper.extractFundamentalsFromPage%20(D%3A%5Cworkspaces%5Cetf-size%5Chsi-index-scraper.js%3A526%3A44) (35)
[0627/144342.039:INFO:CONSOLE(35)] "市盈率元素 1: "8.25"", source: pptr:evaluate;HSIIndexScraper.extractFundamentalsFromPage%20(D%3A%5Cworkspaces%5Cetf-size%5Chsi-index-scraper.js%3A526%3A44) (35)
[0627/144342.039:INFO:CONSOLE(45)] "找到市盈率: 8.25", source: pptr:evaluate;HSIIndexScraper.extractFundamentalsFromPage%20(D%3A%5Cworkspaces%5Cetf-size%5Chsi-index-scraper.js%3A526%3A44) (45)
[0627/144423.086:INFO:CONSOLE(9)] "找到周息率元素数量: 2", source: pptr:evaluate;HSIIndexScraper.extractFundamentalsFromPage%20(D%3A%5Cworkspaces%5Cetf-size%5Chsi-index-scraper.js%3A526%3A44) (9)
[0627/144423.086:INFO:CONSOLE(10)] "找到市盈率元素数量: 2", source: pptr:evaluate;HSIIndexScraper.extractFundamentalsFromPage%20(D%3A%5Cworkspaces%5Cetf-size%5Chsi-index-scraper.js%3A526%3A44) (10)
[0627/144423.086:INFO:CONSOLE(16)] "周息率元素 0: "周息率"", source: pptr:evaluate;HSIIndexScraper.extractFundamentalsFromPage%20(D%3A%5Cworkspaces%5Cetf-size%5Chsi-index-scraper.js%3A526%3A44) (16)
[0627/144423.086:INFO:CONSOLE(16)] "周息率元素 1: "0.97"", source: pptr:evaluate;HSIIndexScraper.extractFundamentalsFromPage%20(D%3A%5Cworkspaces%5Cetf-size%5Chsi-index-scraper.js%3A526%3A44) (16)
[0627/144423.086:INFO:CONSOLE(26)] "找到周息率: 0.97", source: pptr:evaluate;HSIIndexScraper.extractFundamentalsFromPage%20(D%3A%5Cworkspaces%5Cetf-size%5Chsi-index-scraper.js%3A526%3A44) (26)
[0627/144423.086:INFO:CONSOLE(35)] "市盈率元素 0: "市盈率 (倍)"", source: pptr:evaluate;HSIIndexScraper.extractFundamentalsFromPage%20(D%3A%5Cworkspaces%5Cetf-size%5Chsi-index-scraper.js%3A526%3A44) (35)
[0627/144423.086:INFO:CONSOLE(35)] "市盈率元素 1: "23.00"", source: pptr:evaluate;HSIIndexScraper.extractFundamentalsFromPage%20(D%3A%5Cworkspaces%5Cetf-size%5Chsi-index-scraper.js%3A526%3A44) (35)
[0627/144423.086:INFO:CONSOLE(45)] "找到市盈率: 23", source: pptr:evaluate;HSIIndexScraper.extractFundamentalsFromPage%20(D%3A%5Cworkspaces%5Cetf-size%5Chsi-index-scraper.js%3A526%3A44) (45)
[0627/144504.121:INFO:CONSOLE(9)] "找到周息率元素数量: 2", source: pptr:evaluate;HSIIndexScraper.extractFundamentalsFromPage%20(D%3A%5Cworkspaces%5Cetf-size%5Chsi-index-scraper.js%3A526%3A44) (9)
[0627/144504.121:INFO:CONSOLE(10)] "找到市盈率元素数量: 2", source: pptr:evaluate;HSIIndexScraper.extractFundamentalsFromPage%20(D%3A%5Cworkspaces%5Cetf-size%5Chsi-index-scraper.js%3A526%3A44) (10)
[0627/144504.121:INFO:CONSOLE(16)] "周息率元素 0: "周息率"", source: pptr:evaluate;HSIIndexScraper.extractFundamentalsFromPage%20(D%3A%5Cworkspaces%5Cetf-size%5Chsi-index-scraper.js%3A526%3A44) (16)
[0627/144504.121:INFO:CONSOLE(16)] "周息率元素 1: "6.44"", source: pptr:evaluate;HSIIndexScraper.extractFundamentalsFromPage%20(D%3A%5Cworkspaces%5Cetf-size%5Chsi-index-scraper.js%3A526%3A44) (16)
[0627/144504.121:INFO:CONSOLE(26)] "找到周息率: 6.44", source: pptr:evaluate;HSIIndexScraper.extractFundamentalsFromPage%20(D%3A%5Cworkspaces%5Cetf-size%5Chsi-index-scraper.js%3A526%3A44) (26)
[0627/144504.121:INFO:CONSOLE(35)] "市盈率元素 0: "市盈率 (倍)"", source: pptr:evaluate;HSIIndexScraper.extractFundamentalsFromPage%20(D%3A%5Cworkspaces%5Cetf-size%5Chsi-index-scraper.js%3A526%3A44) (35)
[0627/144504.121:INFO:CONSOLE(35)] "市盈率元素 1: "6.28"", source: pptr:evaluate;HSIIndexScraper.extractFundamentalsFromPage%20(D%3A%5Cworkspaces%5Cetf-size%5Chsi-index-scraper.js%3A526%3A44) (35)
[0627/144504.121:INFO:CONSOLE(45)] "找到市盈率: 6.28", source: pptr:evaluate;HSIIndexScraper.extractFundamentalsFromPage%20(D%3A%5Cworkspaces%5Cetf-size%5Chsi-index-scraper.js%3A526%3A44) (45)
[0627/144545.158:INFO:CONSOLE(9)] "找到周息率元素数量: 2", source: pptr:evaluate;HSIIndexScraper.extractFundamentalsFromPage%20(D%3A%5Cworkspaces%5Cetf-size%5Chsi-index-scraper.js%3A526%3A44) (9)
[0627/144545.158:INFO:CONSOLE(10)] "找到市盈率元素数量: 2", source: pptr:evaluate;HSIIndexScraper.extractFundamentalsFromPage%20(D%3A%5Cworkspaces%5Cetf-size%5Chsi-index-scraper.js%3A526%3A44) (10)
[0627/144545.158:INFO:CONSOLE(16)] "周息率元素 0: "周息率"", source: pptr:evaluate;HSIIndexScraper.extractFundamentalsFromPage%20(D%3A%5Cworkspaces%5Cetf-size%5Chsi-index-scraper.js%3A526%3A44) (16)
[0627/144545.158:INFO:CONSOLE(16)] "周息率元素 1: "6.40"", source: pptr:evaluate;HSIIndexScraper.extractFundamentalsFromPage%20(D%3A%5Cworkspaces%5Cetf-size%5Chsi-index-scraper.js%3A526%3A44) (16)
[0627/144545.158:INFO:CONSOLE(26)] "找到周息率: 6.4", source: pptr:evaluate;HSIIndexScraper.extractFundamentalsFromPage%20(D%3A%5Cworkspaces%5Cetf-size%5Chsi-index-scraper.js%3A526%3A44) (26)
[0627/144545.158:INFO:CONSOLE(35)] "市盈率元素 0: "市盈率 (倍)"", source: pptr:evaluate;HSIIndexScraper.extractFundamentalsFromPage%20(D%3A%5Cworkspaces%5Cetf-size%5Chsi-index-scraper.js%3A526%3A44) (35)
[0627/144545.159:INFO:CONSOLE(35)] "市盈率元素 1: "7.67"", source: pptr:evaluate;HSIIndexScraper.extractFundamentalsFromPage%20(D%3A%5Cworkspaces%5Cetf-size%5Chsi-index-scraper.js%3A526%3A44) (35)
[0627/144545.159:INFO:CONSOLE(45)] "找到市盈率: 7.67", source: pptr:evaluate;HSIIndexScraper.extractFundamentalsFromPage%20(D%3A%5Cworkspaces%5Cetf-size%5Chsi-index-scraper.js%3A526%3A44) (45)
